<?xml version="1.0" encoding="UTF-8"?>
<!-- Generated by org.testng.reporters.JUnitReportReporter -->
<testsuite hostname="DESKTOP-VQJ3RG5" name="com.catchexceptions.seleniumpom.testcases.GoogleHomePageTest" tests="2" failures="0" timestamp="8 Sep 2018 18:21:39 GMT" time="0.010" errors="0">
  <testcase name="testGoogleSearchAnnotated" time="0.005" classname="com.catchexceptions.seleniumpom.testcases.GoogleHomePageTest"/>
  <testcase name="testGoogleSearch" time="0.005" classname="com.catchexceptions.seleniumpom.testcases.GoogleHomePageTest"/>
</testsuite> <!-- com.catchexceptions.seleniumpom.testcases.GoogleHomePageTest -->
