<?xml version="1.0" encoding="UTF-8"?>
<!-- Generated by org.testng.reporters.JUnitReportReporter -->
<testsuite hostname="DESKTOP-VQJ3RG5" name="com.catchexceptions.seleniumpom.testcases.DependsOnExample" tests="2" failures="0" timestamp="8 Oct 2018 01:29:41 GMT" time="0.018" errors="0">
  <testcase name="method2" time="0.013" classname="com.catchexceptions.seleniumpom.testcases.DependsOnExample"/>
  <testcase name="method1" time="0.005" classname="com.catchexceptions.seleniumpom.testcases.DependsOnExample"/>
</testsuite> <!-- com.catchexceptions.seleniumpom.testcases.DependsOnExample -->
