<?xml version="1.0" encoding="UTF-8"?>
<!-- Generated by org.testng.reporters.JUnitReportReporter -->
<testsuite hostname="DESKTOP-VQJ3RG5" name="com.catchexceptions.seleniumpom.testcases.SoftAssertionExample" tests="2" failures="0" timestamp="8 Sep 2018 18:21:39 GMT" time="0.035" errors="0">
  <testcase name="hardAssert" time="0.025" classname="com.catchexceptions.seleniumpom.testcases.SoftAssertionExample"/>
  <testcase name="softAssert" time="0.010" classname="com.catchexceptions.seleniumpom.testcases.SoftAssertionExample"/>
</testsuite> <!-- com.catchexceptions.seleniumpom.testcases.SoftAssertionExample -->
