<?xml version="1.0" encoding="UTF-8"?>
<!-- Generated by org.testng.reporters.JUnitReportReporter -->
<testsuite hostname="DESKTOP-VQJ3RG5" name="com.catchexceptions.seleniumpom.testcases.DependsOnExample" tests="2" failures="0" timestamp="9 Sep 2018 19:35:06 GMT" time="0.028" errors="0">
  <testcase name="method1" time="0.004" classname="com.catchexceptions.seleniumpom.testcases.DependsOnExample"/>
  <testcase name="method2" time="0.024" classname="com.catchexceptions.seleniumpom.testcases.DependsOnExample"/>
</testsuite> <!-- com.catchexceptions.seleniumpom.testcases.DependsOnExample -->
