<?xml version="1.0" encoding="UTF-8"?>
<!-- Generated by org.testng.reporters.JUnitReportReporter -->
<testsuite hostname="DESKTOP-VQJ3RG5" name="com.catchexceptions.seleniumpom.testcases.DependsOnExample" tests="2" failures="0" timestamp="13 Sep 2018 01:16:45 GMT" time="0.010" errors="0">
  <testcase name="method1" time="0.003" classname="com.catchexceptions.seleniumpom.testcases.DependsOnExample"/>
  <testcase name="method2" time="0.007" classname="com.catchexceptions.seleniumpom.testcases.DependsOnExample"/>
</testsuite> <!-- com.catchexceptions.seleniumpom.testcases.DependsOnExample -->
