<?xml version="1.0" encoding="UTF-8"?>
<!-- Generated by org.testng.reporters.JUnitReportReporter -->
<testsuite hostname="DESKTOP-VQJ3RG5" name="com.catchexceptions.seleniumpom.testcases.GoogleHomePageTest" tests="2" failures="2" timestamp="4 Sep 2018 00:32:13 GMT" time="0.019" errors="0">
  <testcase name="testGoogleSearchAnnotated" time="0.013" classname="com.catchexceptions.seleniumpom.testcases.GoogleHomePageTest">
    <failure type="org.openqa.selenium.WebDriverException" message="Failed to connect to binary FirefoxBinary(C:\Program Files (x86)\Mozilla Firefox\firefox.exe) on port 7055; process output follows: 
l\AppData\Local\Temp\anonymous4718577213090192171webdriver-profile\extensions\fxdriver@googlecode.com
1536021093389	addons.xpi	DEBUG	Ignoring file entry whose name is not a valid add-on ID: C:\Users\dell\AppData\Local\Temp\anonymous4718577213090192171webdriver-profile\extensions\webdriver-staging
1536021093389	addons.xpi	DEBUG	Existing add-on fxdriver@googlecode.com in app-profile
1536021093390	addons.xpi	INFO	Mapping activity-stream@mozilla.org to C:\Program Files (x86)\Mozilla Firefox\browser\features\activity-stream@mozilla.org.xpi
1536021093390	addons.xpi	INFO	Mapping aushelper@mozilla.org to C:\Program Files (x86)\Mozilla Firefox\browser\features\aushelper@mozilla.org.xpi
1536021093390	addons.xpi	INFO	Mapping clicktoplay-rollout@mozilla.org to C:\Program Files (x86)\Mozilla Firefox\browser\features\clicktoplay-rollout@mozilla.org.xpi
1536021093390	addons.xpi	INFO	Mapping e10srollout@mozilla.org to C:\Program Files (x86)\Mozilla Firefox\browser\features\e10srollout@mozilla.org.xpi
1536021093390	addons.xpi	INFO	Mapping firefox@getpocket.com to C:\Program Files (x86)\Mozilla Firefox\browser\features\firefox@getpocket.com.xpi
1536021093390	addons.xpi	INFO	Mapping followonsearch@mozilla.com to C:\Program Files (x86)\Mozilla Firefox\browser\features\followonsearch@mozilla.com.xpi
1536021093391	addons.xpi	INFO	Mapping formautofill@mozilla.org to C:\Program Files (x86)\Mozilla Firefox\browser\features\formautofill@mozilla.org.xpi
1536021093391	addons.xpi	INFO	Mapping onboarding@mozilla.org to C:\Program Files (x86)\Mozilla Firefox\browser\features\onboarding@mozilla.org.xpi
1536021093391	addons.xpi	INFO	Mapping screenshots@mozilla.org to C:\Program Files (x86)\Mozilla Firefox\browser\features\screenshots@mozilla.org.xpi
1536021093391	addons.xpi	INFO	Mapping shield-recipe-client@mozilla.org to C:\Program Files (x86)\Mozilla Firefox\browser\features\shield-recipe-client@mozilla.org.xpi
1536021093391	addons.xpi	INFO	Mapping webcompat@mozilla.org to C:\Program Files (x86)\Mozilla Firefox\browser\features\webcompat@mozilla.org.xpi
1536021093392	addons.xpi	DEBUG	Existing add-on activity-stream@mozilla.org in app-system-defaults
1536021093392	addons.xpi	DEBUG	Existing add-on aushelper@mozilla.org in app-system-defaults
1536021093392	addons.xpi	DEBUG	Existing add-on clicktoplay-rollout@mozilla.org in app-system-defaults
1536021093392	addons.xpi	DEBUG	Existing add-on e10srollout@mozilla.org in app-system-defaults
1536021093393	addons.xpi	DEBUG	Existing add-on firefox@getpocket.com in app-system-defaults
1536021093393	addons.xpi	DEBUG	Existing add-on followonsearch@mozilla.com in app-system-defaults
1536021093393	addons.xpi	DEBUG	Existing add-on formautofill@mozilla.org in app-system-defaults
1536021093394	addons.xpi	DEBUG	Existing add-on onboarding@mozilla.org in app-system-defaults
1536021093394	addons.xpi	DEBUG	Existing add-on screenshots@mozilla.org in app-system-defaults
1536021093394	addons.xpi	DEBUG	Existing add-on shield-recipe-client@mozilla.org in app-system-defaults
1536021093394	addons.xpi	DEBUG	Existing add-on webcompat@mozilla.org in app-system-defaults
1536021093395	addons.xpi	INFO	Mapping {972ce4c6-7e08-4474-a285-3208198ce6fd} to C:\Program Files (x86)\Mozilla Firefox\browser\extensions\{972ce4c6-7e08-4474-a285-3208198ce6fd}.xpi
1536021093395	addons.xpi	DEBUG	Existing add-on {972ce4c6-7e08-4474-a285-3208198ce6fd} in app-global
1536021093395	addons.xpi	DEBUG	getInstallState changed: false, state: {}
1536021093644	addons.productaddons	INFO	Completed downloading document
1536021094307	addons.productaddons	INFO	downloadXHR File download. status=200
1536021094707	DeferredSave.webext.sc.lz4	DEBUG	Starting write
1536021095124	addons.productaddons	INFO	Downloaded file will be saved to C:\Users\dell\AppData\Local\Temp\tmpaddon-9768af
1536021095197	DeferredSave.webext.sc.lz4	DEBUG	Write succeeded
1536021099346	addons.productaddons	INFO	downloadXHR File download. status=200
1536021099351	addons.productaddons	INFO	Downloaded file will be saved to C:\Users\dell\AppData\Local\Temp\tmpaddon-a120b4

Build info: version: &#039;2.53.1&#039;, revision: &#039;a36b8b1cd5757287168e54b817830adce9b0158d&#039;, time: &#039;2016-06-30 19:26:09&#039;
System info: host: &#039;DESKTOP-VQJ3RG5&#039;, ip: &#039;192.168.2.44&#039;, os.name: &#039;Windows 10&#039;, os.arch: &#039;amd64&#039;, os.version: &#039;10.0&#039;, java.version: &#039;1.8.0_181&#039;
Driver info: driver.version: FirefoxDriver">
      <![CDATA[org.openqa.selenium.WebDriverException: Failed to connect to binary FirefoxBinary(C:\Program Files (x86)\Mozilla Firefox\firefox.exe) on port 7055; process output follows: 
l\AppData\Local\Temp\anonymous4718577213090192171webdriver-profile\extensions\fxdriver@googlecode.com
1536021093389	addons.xpi	DEBUG	Ignoring file entry whose name is not a valid add-on ID: C:\Users\dell\AppData\Local\Temp\anonymous4718577213090192171webdriver-profile\extensions\webdriver-staging
1536021093389	addons.xpi	DEBUG	Existing add-on fxdriver@googlecode.com in app-profile
1536021093390	addons.xpi	INFO	Mapping activity-stream@mozilla.org to C:\Program Files (x86)\Mozilla Firefox\browser\features\activity-stream@mozilla.org.xpi
1536021093390	addons.xpi	INFO	Mapping aushelper@mozilla.org to C:\Program Files (x86)\Mozilla Firefox\browser\features\aushelper@mozilla.org.xpi
1536021093390	addons.xpi	INFO	Mapping clicktoplay-rollout@mozilla.org to C:\Program Files (x86)\Mozilla Firefox\browser\features\clicktoplay-rollout@mozilla.org.xpi
1536021093390	addons.xpi	INFO	Mapping e10srollout@mozilla.org to C:\Program Files (x86)\Mozilla Firefox\browser\features\e10srollout@mozilla.org.xpi
1536021093390	addons.xpi	INFO	Mapping firefox@getpocket.com to C:\Program Files (x86)\Mozilla Firefox\browser\features\firefox@getpocket.com.xpi
1536021093390	addons.xpi	INFO	Mapping followonsearch@mozilla.com to C:\Program Files (x86)\Mozilla Firefox\browser\features\followonsearch@mozilla.com.xpi
1536021093391	addons.xpi	INFO	Mapping formautofill@mozilla.org to C:\Program Files (x86)\Mozilla Firefox\browser\features\formautofill@mozilla.org.xpi
1536021093391	addons.xpi	INFO	Mapping onboarding@mozilla.org to C:\Program Files (x86)\Mozilla Firefox\browser\features\onboarding@mozilla.org.xpi
1536021093391	addons.xpi	INFO	Mapping screenshots@mozilla.org to C:\Program Files (x86)\Mozilla Firefox\browser\features\screenshots@mozilla.org.xpi
1536021093391	addons.xpi	INFO	Mapping shield-recipe-client@mozilla.org to C:\Program Files (x86)\Mozilla Firefox\browser\features\shield-recipe-client@mozilla.org.xpi
1536021093391	addons.xpi	INFO	Mapping webcompat@mozilla.org to C:\Program Files (x86)\Mozilla Firefox\browser\features\webcompat@mozilla.org.xpi
1536021093392	addons.xpi	DEBUG	Existing add-on activity-stream@mozilla.org in app-system-defaults
1536021093392	addons.xpi	DEBUG	Existing add-on aushelper@mozilla.org in app-system-defaults
1536021093392	addons.xpi	DEBUG	Existing add-on clicktoplay-rollout@mozilla.org in app-system-defaults
1536021093392	addons.xpi	DEBUG	Existing add-on e10srollout@mozilla.org in app-system-defaults
1536021093393	addons.xpi	DEBUG	Existing add-on firefox@getpocket.com in app-system-defaults
1536021093393	addons.xpi	DEBUG	Existing add-on followonsearch@mozilla.com in app-system-defaults
1536021093393	addons.xpi	DEBUG	Existing add-on formautofill@mozilla.org in app-system-defaults
1536021093394	addons.xpi	DEBUG	Existing add-on onboarding@mozilla.org in app-system-defaults
1536021093394	addons.xpi	DEBUG	Existing add-on screenshots@mozilla.org in app-system-defaults
1536021093394	addons.xpi	DEBUG	Existing add-on shield-recipe-client@mozilla.org in app-system-defaults
1536021093394	addons.xpi	DEBUG	Existing add-on webcompat@mozilla.org in app-system-defaults
1536021093395	addons.xpi	INFO	Mapping {972ce4c6-7e08-4474-a285-3208198ce6fd} to C:\Program Files (x86)\Mozilla Firefox\browser\extensions\{972ce4c6-7e08-4474-a285-3208198ce6fd}.xpi
1536021093395	addons.xpi	DEBUG	Existing add-on {972ce4c6-7e08-4474-a285-3208198ce6fd} in app-global
1536021093395	addons.xpi	DEBUG	getInstallState changed: false, state: {}
1536021093644	addons.productaddons	INFO	Completed downloading document
1536021094307	addons.productaddons	INFO	downloadXHR File download. status=200
1536021094707	DeferredSave.webext.sc.lz4	DEBUG	Starting write
1536021095124	addons.productaddons	INFO	Downloaded file will be saved to C:\Users\dell\AppData\Local\Temp\tmpaddon-9768af
1536021095197	DeferredSave.webext.sc.lz4	DEBUG	Write succeeded
1536021099346	addons.productaddons	INFO	downloadXHR File download. status=200
1536021099351	addons.productaddons	INFO	Downloaded file will be saved to C:\Users\dell\AppData\Local\Temp\tmpaddon-a120b4

Build info: version: '2.53.1', revision: 'a36b8b1cd5757287168e54b817830adce9b0158d', time: '2016-06-30 19:26:09'
System info: host: 'DESKTOP-VQJ3RG5', ip: '192.168.2.44', os.name: 'Windows 10', os.arch: 'amd64', os.version: '10.0', java.version: '1.8.0_181'
Driver info: driver.version: FirefoxDriver
	at org.openqa.selenium.firefox.internal.NewProfileExtensionConnection.start(NewProfileExtensionConnection.java:125)
	at org.openqa.selenium.firefox.FirefoxDriver.startClient(FirefoxDriver.java:271)
	at org.openqa.selenium.remote.RemoteWebDriver.<init>(RemoteWebDriver.java:119)
	at org.openqa.selenium.firefox.FirefoxDriver.<init>(FirefoxDriver.java:216)
	at org.openqa.selenium.firefox.FirefoxDriver.<init>(FirefoxDriver.java:211)
	at org.openqa.selenium.firefox.FirefoxDriver.<init>(FirefoxDriver.java:207)
	at org.openqa.selenium.firefox.FirefoxDriver.<init>(FirefoxDriver.java:120)
	at com.catchexceptions.seleniumpom.testcases.BaseClass.beforeMethod(BaseClass.java:14)
	at sun.reflect.NativeMethodAccessorImpl.invoke0(Native Method)
	at sun.reflect.NativeMethodAccessorImpl.invoke(NativeMethodAccessorImpl.java:62)
	at sun.reflect.DelegatingMethodAccessorImpl.invoke(DelegatingMethodAccessorImpl.java:43)
	at java.lang.reflect.Method.invoke(Method.java:498)
	at org.testng.internal.MethodInvocationHelper.invokeMethod(MethodInvocationHelper.java:80)
	at org.testng.internal.Invoker.invokeConfigurationMethod(Invoker.java:564)
	at org.testng.internal.Invoker.invokeConfigurations(Invoker.java:213)
	at org.testng.internal.Invoker.invokeConfigurations(Invoker.java:138)
	at org.testng.TestRunner.beforeRun(TestRunner.java:641)
	at org.testng.TestRunner.run(TestRunner.java:609)
	at org.testng.SuiteRunner.runTest(SuiteRunner.java:334)
	at org.testng.SuiteRunner.runSequentially(SuiteRunner.java:329)
	at org.testng.SuiteRunner.privateRun(SuiteRunner.java:291)
	at org.testng.SuiteRunner.run(SuiteRunner.java:240)
	at org.testng.SuiteRunnerWorker.runSuite(SuiteRunnerWorker.java:52)
	at org.testng.SuiteRunnerWorker.run(SuiteRunnerWorker.java:86)
	at org.testng.TestNG.runSuitesSequentially(TestNG.java:1198)
	at org.testng.TestNG.runSuitesLocally(TestNG.java:1123)
	at org.testng.TestNG.run(TestNG.java:1031)
	at org.apache.maven.surefire.testng.TestNGExecutor.run(TestNGExecutor.java:283)
	at org.apache.maven.surefire.testng.TestNGXmlTestSuite.execute(TestNGXmlTestSuite.java:75)
	at org.apache.maven.surefire.testng.TestNGProvider.invoke(TestNGProvider.java:120)
	at org.apache.maven.surefire.booter.ForkedBooter.invokeProviderInSameClassLoader(ForkedBooter.java:386)
	at org.apache.maven.surefire.booter.ForkedBooter.runSuitesInProcess(ForkedBooter.java:323)
	at org.apache.maven.surefire.booter.ForkedBooter.main(ForkedBooter.java:143)
Caused by: org.openqa.selenium.firefox.NotConnectedException: Unable to connect to host 127.0.0.1 on port 7055 after 45000 ms. Firefox console output:
l\AppData\Local\Temp\anonymous4718577213090192171webdriver-profile\extensions\fxdriver@googlecode.com
1536021093389	addons.xpi	DEBUG	Ignoring file entry whose name is not a valid add-on ID: C:\Users\dell\AppData\Local\Temp\anonymous4718577213090192171webdriver-profile\extensions\webdriver-staging
1536021093389	addons.xpi	DEBUG	Existing add-on fxdriver@googlecode.com in app-profile
1536021093390	addons.xpi	INFO	Mapping activity-stream@mozilla.org to C:\Program Files (x86)\Mozilla Firefox\browser\features\activity-stream@mozilla.org.xpi
1536021093390	addons.xpi	INFO	Mapping aushelper@mozilla.org to C:\Program Files (x86)\Mozilla Firefox\browser\features\aushelper@mozilla.org.xpi
1536021093390	addons.xpi	INFO	Mapping clicktoplay-rollout@mozilla.org to C:\Program Files (x86)\Mozilla Firefox\browser\features\clicktoplay-rollout@mozilla.org.xpi
1536021093390	addons.xpi	INFO	Mapping e10srollout@mozilla.org to C:\Program Files (x86)\Mozilla Firefox\browser\features\e10srollout@mozilla.org.xpi
1536021093390	addons.xpi	INFO	Mapping firefox@getpocket.com to C:\Program Files (x86)\Mozilla Firefox\browser\features\firefox@getpocket.com.xpi
1536021093390	addons.xpi	INFO	Mapping followonsearch@mozilla.com to C:\Program Files (x86)\Mozilla Firefox\browser\features\followonsearch@mozilla.com.xpi
1536021093391	addons.xpi	INFO	Mapping formautofill@mozilla.org to C:\Program Files (x86)\Mozilla Firefox\browser\features\formautofill@mozilla.org.xpi
1536021093391	addons.xpi	INFO	Mapping onboarding@mozilla.org to C:\Program Files (x86)\Mozilla Firefox\browser\features\onboarding@mozilla.org.xpi
1536021093391	addons.xpi	INFO	Mapping screenshots@mozilla.org to C:\Program Files (x86)\Mozilla Firefox\browser\features\screenshots@mozilla.org.xpi
1536021093391	addons.xpi	INFO	Mapping shield-recipe-client@mozilla.org to C:\Program Files (x86)\Mozilla Firefox\browser\features\shield-recipe-client@mozilla.org.xpi
1536021093391	addons.xpi	INFO	Mapping webcompat@mozilla.org to C:\Program Files (x86)\Mozilla Firefox\browser\features\webcompat@mozilla.org.xpi
1536021093392	addons.xpi	DEBUG	Existing add-on activity-stream@mozilla.org in app-system-defaults
1536021093392	addons.xpi	DEBUG	Existing add-on aushelper@mozilla.org in app-system-defaults
1536021093392	addons.xpi	DEBUG	Existing add-on clicktoplay-rollout@mozilla.org in app-system-defaults
1536021093392	addons.xpi	DEBUG	Existing add-on e10srollout@mozilla.org in app-system-defaults
1536021093393	addons.xpi	DEBUG	Existing add-on firefox@getpocket.com in app-system-defaults
1536021093393	addons.xpi	DEBUG	Existing add-on followonsearch@mozilla.com in app-system-defaults
1536021093393	addons.xpi	DEBUG	Existing add-on formautofill@mozilla.org in app-system-defaults
1536021093394	addons.xpi	DEBUG	Existing add-on onboarding@mozilla.org in app-system-defaults
1536021093394	addons.xpi	DEBUG	Existing add-on screenshots@mozilla.org in app-system-defaults
1536021093394	addons.xpi	DEBUG	Existing add-on shield-recipe-client@mozilla.org in app-system-defaults
1536021093394	addons.xpi	DEBUG	Existing add-on webcompat@mozilla.org in app-system-defaults
1536021093395	addons.xpi	INFO	Mapping {972ce4c6-7e08-4474-a285-3208198ce6fd} to C:\Program Files (x86)\Mozilla Firefox\browser\extensions\{972ce4c6-7e08-4474-a285-3208198ce6fd}.xpi
1536021093395	addons.xpi	DEBUG	Existing add-on {972ce4c6-7e08-4474-a285-3208198ce6fd} in app-global
1536021093395	addons.xpi	DEBUG	getInstallState changed: false, state: {}
1536021093644	addons.productaddons	INFO	Completed downloading document
1536021094307	addons.productaddons	INFO	downloadXHR File download. status=200
1536021094707	DeferredSave.webext.sc.lz4	DEBUG	Starting write
1536021095124	addons.productaddons	INFO	Downloaded file will be saved to C:\Users\dell\AppData\Local\Temp\tmpaddon-9768af
1536021095197	DeferredSave.webext.sc.lz4	DEBUG	Write succeeded
1536021099346	addons.productaddons	INFO	downloadXHR File download. status=200
1536021099351	addons.productaddons	INFO	Downloaded file will be saved to C:\Users\dell\AppData\Local\Temp\tmpaddon-a120b4

	at org.openqa.selenium.firefox.internal.NewProfileExtensionConnection.start(NewProfileExtensionConnection.java:113)
	... 32 more
]]>
    </failure>
  </testcase> <!-- testGoogleSearchAnnotated -->
  <testcase name="testGoogleSearch" time="0.006" classname="com.catchexceptions.seleniumpom.testcases.GoogleHomePageTest">
    <failure type="org.openqa.selenium.WebDriverException" message="Failed to connect to binary FirefoxBinary(C:\Program Files (x86)\Mozilla Firefox\firefox.exe) on port 7055; process output follows: 
l\AppData\Local\Temp\anonymous4718577213090192171webdriver-profile\extensions\fxdriver@googlecode.com
1536021093389	addons.xpi	DEBUG	Ignoring file entry whose name is not a valid add-on ID: C:\Users\dell\AppData\Local\Temp\anonymous4718577213090192171webdriver-profile\extensions\webdriver-staging
1536021093389	addons.xpi	DEBUG	Existing add-on fxdriver@googlecode.com in app-profile
1536021093390	addons.xpi	INFO	Mapping activity-stream@mozilla.org to C:\Program Files (x86)\Mozilla Firefox\browser\features\activity-stream@mozilla.org.xpi
1536021093390	addons.xpi	INFO	Mapping aushelper@mozilla.org to C:\Program Files (x86)\Mozilla Firefox\browser\features\aushelper@mozilla.org.xpi
1536021093390	addons.xpi	INFO	Mapping clicktoplay-rollout@mozilla.org to C:\Program Files (x86)\Mozilla Firefox\browser\features\clicktoplay-rollout@mozilla.org.xpi
1536021093390	addons.xpi	INFO	Mapping e10srollout@mozilla.org to C:\Program Files (x86)\Mozilla Firefox\browser\features\e10srollout@mozilla.org.xpi
1536021093390	addons.xpi	INFO	Mapping firefox@getpocket.com to C:\Program Files (x86)\Mozilla Firefox\browser\features\firefox@getpocket.com.xpi
1536021093390	addons.xpi	INFO	Mapping followonsearch@mozilla.com to C:\Program Files (x86)\Mozilla Firefox\browser\features\followonsearch@mozilla.com.xpi
1536021093391	addons.xpi	INFO	Mapping formautofill@mozilla.org to C:\Program Files (x86)\Mozilla Firefox\browser\features\formautofill@mozilla.org.xpi
1536021093391	addons.xpi	INFO	Mapping onboarding@mozilla.org to C:\Program Files (x86)\Mozilla Firefox\browser\features\onboarding@mozilla.org.xpi
1536021093391	addons.xpi	INFO	Mapping screenshots@mozilla.org to C:\Program Files (x86)\Mozilla Firefox\browser\features\screenshots@mozilla.org.xpi
1536021093391	addons.xpi	INFO	Mapping shield-recipe-client@mozilla.org to C:\Program Files (x86)\Mozilla Firefox\browser\features\shield-recipe-client@mozilla.org.xpi
1536021093391	addons.xpi	INFO	Mapping webcompat@mozilla.org to C:\Program Files (x86)\Mozilla Firefox\browser\features\webcompat@mozilla.org.xpi
1536021093392	addons.xpi	DEBUG	Existing add-on activity-stream@mozilla.org in app-system-defaults
1536021093392	addons.xpi	DEBUG	Existing add-on aushelper@mozilla.org in app-system-defaults
1536021093392	addons.xpi	DEBUG	Existing add-on clicktoplay-rollout@mozilla.org in app-system-defaults
1536021093392	addons.xpi	DEBUG	Existing add-on e10srollout@mozilla.org in app-system-defaults
1536021093393	addons.xpi	DEBUG	Existing add-on firefox@getpocket.com in app-system-defaults
1536021093393	addons.xpi	DEBUG	Existing add-on followonsearch@mozilla.com in app-system-defaults
1536021093393	addons.xpi	DEBUG	Existing add-on formautofill@mozilla.org in app-system-defaults
1536021093394	addons.xpi	DEBUG	Existing add-on onboarding@mozilla.org in app-system-defaults
1536021093394	addons.xpi	DEBUG	Existing add-on screenshots@mozilla.org in app-system-defaults
1536021093394	addons.xpi	DEBUG	Existing add-on shield-recipe-client@mozilla.org in app-system-defaults
1536021093394	addons.xpi	DEBUG	Existing add-on webcompat@mozilla.org in app-system-defaults
1536021093395	addons.xpi	INFO	Mapping {972ce4c6-7e08-4474-a285-3208198ce6fd} to C:\Program Files (x86)\Mozilla Firefox\browser\extensions\{972ce4c6-7e08-4474-a285-3208198ce6fd}.xpi
1536021093395	addons.xpi	DEBUG	Existing add-on {972ce4c6-7e08-4474-a285-3208198ce6fd} in app-global
1536021093395	addons.xpi	DEBUG	getInstallState changed: false, state: {}
1536021093644	addons.productaddons	INFO	Completed downloading document
1536021094307	addons.productaddons	INFO	downloadXHR File download. status=200
1536021094707	DeferredSave.webext.sc.lz4	DEBUG	Starting write
1536021095124	addons.productaddons	INFO	Downloaded file will be saved to C:\Users\dell\AppData\Local\Temp\tmpaddon-9768af
1536021095197	DeferredSave.webext.sc.lz4	DEBUG	Write succeeded
1536021099346	addons.productaddons	INFO	downloadXHR File download. status=200
1536021099351	addons.productaddons	INFO	Downloaded file will be saved to C:\Users\dell\AppData\Local\Temp\tmpaddon-a120b4

Build info: version: &#039;2.53.1&#039;, revision: &#039;a36b8b1cd5757287168e54b817830adce9b0158d&#039;, time: &#039;2016-06-30 19:26:09&#039;
System info: host: &#039;DESKTOP-VQJ3RG5&#039;, ip: &#039;192.168.2.44&#039;, os.name: &#039;Windows 10&#039;, os.arch: &#039;amd64&#039;, os.version: &#039;10.0&#039;, java.version: &#039;1.8.0_181&#039;
Driver info: driver.version: FirefoxDriver">
      <![CDATA[org.openqa.selenium.WebDriverException: Failed to connect to binary FirefoxBinary(C:\Program Files (x86)\Mozilla Firefox\firefox.exe) on port 7055; process output follows: 
l\AppData\Local\Temp\anonymous4718577213090192171webdriver-profile\extensions\fxdriver@googlecode.com
1536021093389	addons.xpi	DEBUG	Ignoring file entry whose name is not a valid add-on ID: C:\Users\dell\AppData\Local\Temp\anonymous4718577213090192171webdriver-profile\extensions\webdriver-staging
1536021093389	addons.xpi	DEBUG	Existing add-on fxdriver@googlecode.com in app-profile
1536021093390	addons.xpi	INFO	Mapping activity-stream@mozilla.org to C:\Program Files (x86)\Mozilla Firefox\browser\features\activity-stream@mozilla.org.xpi
1536021093390	addons.xpi	INFO	Mapping aushelper@mozilla.org to C:\Program Files (x86)\Mozilla Firefox\browser\features\aushelper@mozilla.org.xpi
1536021093390	addons.xpi	INFO	Mapping clicktoplay-rollout@mozilla.org to C:\Program Files (x86)\Mozilla Firefox\browser\features\clicktoplay-rollout@mozilla.org.xpi
1536021093390	addons.xpi	INFO	Mapping e10srollout@mozilla.org to C:\Program Files (x86)\Mozilla Firefox\browser\features\e10srollout@mozilla.org.xpi
1536021093390	addons.xpi	INFO	Mapping firefox@getpocket.com to C:\Program Files (x86)\Mozilla Firefox\browser\features\firefox@getpocket.com.xpi
1536021093390	addons.xpi	INFO	Mapping followonsearch@mozilla.com to C:\Program Files (x86)\Mozilla Firefox\browser\features\followonsearch@mozilla.com.xpi
1536021093391	addons.xpi	INFO	Mapping formautofill@mozilla.org to C:\Program Files (x86)\Mozilla Firefox\browser\features\formautofill@mozilla.org.xpi
1536021093391	addons.xpi	INFO	Mapping onboarding@mozilla.org to C:\Program Files (x86)\Mozilla Firefox\browser\features\onboarding@mozilla.org.xpi
1536021093391	addons.xpi	INFO	Mapping screenshots@mozilla.org to C:\Program Files (x86)\Mozilla Firefox\browser\features\screenshots@mozilla.org.xpi
1536021093391	addons.xpi	INFO	Mapping shield-recipe-client@mozilla.org to C:\Program Files (x86)\Mozilla Firefox\browser\features\shield-recipe-client@mozilla.org.xpi
1536021093391	addons.xpi	INFO	Mapping webcompat@mozilla.org to C:\Program Files (x86)\Mozilla Firefox\browser\features\webcompat@mozilla.org.xpi
1536021093392	addons.xpi	DEBUG	Existing add-on activity-stream@mozilla.org in app-system-defaults
1536021093392	addons.xpi	DEBUG	Existing add-on aushelper@mozilla.org in app-system-defaults
1536021093392	addons.xpi	DEBUG	Existing add-on clicktoplay-rollout@mozilla.org in app-system-defaults
1536021093392	addons.xpi	DEBUG	Existing add-on e10srollout@mozilla.org in app-system-defaults
1536021093393	addons.xpi	DEBUG	Existing add-on firefox@getpocket.com in app-system-defaults
1536021093393	addons.xpi	DEBUG	Existing add-on followonsearch@mozilla.com in app-system-defaults
1536021093393	addons.xpi	DEBUG	Existing add-on formautofill@mozilla.org in app-system-defaults
1536021093394	addons.xpi	DEBUG	Existing add-on onboarding@mozilla.org in app-system-defaults
1536021093394	addons.xpi	DEBUG	Existing add-on screenshots@mozilla.org in app-system-defaults
1536021093394	addons.xpi	DEBUG	Existing add-on shield-recipe-client@mozilla.org in app-system-defaults
1536021093394	addons.xpi	DEBUG	Existing add-on webcompat@mozilla.org in app-system-defaults
1536021093395	addons.xpi	INFO	Mapping {972ce4c6-7e08-4474-a285-3208198ce6fd} to C:\Program Files (x86)\Mozilla Firefox\browser\extensions\{972ce4c6-7e08-4474-a285-3208198ce6fd}.xpi
1536021093395	addons.xpi	DEBUG	Existing add-on {972ce4c6-7e08-4474-a285-3208198ce6fd} in app-global
1536021093395	addons.xpi	DEBUG	getInstallState changed: false, state: {}
1536021093644	addons.productaddons	INFO	Completed downloading document
1536021094307	addons.productaddons	INFO	downloadXHR File download. status=200
1536021094707	DeferredSave.webext.sc.lz4	DEBUG	Starting write
1536021095124	addons.productaddons	INFO	Downloaded file will be saved to C:\Users\dell\AppData\Local\Temp\tmpaddon-9768af
1536021095197	DeferredSave.webext.sc.lz4	DEBUG	Write succeeded
1536021099346	addons.productaddons	INFO	downloadXHR File download. status=200
1536021099351	addons.productaddons	INFO	Downloaded file will be saved to C:\Users\dell\AppData\Local\Temp\tmpaddon-a120b4

Build info: version: '2.53.1', revision: 'a36b8b1cd5757287168e54b817830adce9b0158d', time: '2016-06-30 19:26:09'
System info: host: 'DESKTOP-VQJ3RG5', ip: '192.168.2.44', os.name: 'Windows 10', os.arch: 'amd64', os.version: '10.0', java.version: '1.8.0_181'
Driver info: driver.version: FirefoxDriver
	at org.openqa.selenium.firefox.internal.NewProfileExtensionConnection.start(NewProfileExtensionConnection.java:125)
	at org.openqa.selenium.firefox.FirefoxDriver.startClient(FirefoxDriver.java:271)
	at org.openqa.selenium.remote.RemoteWebDriver.<init>(RemoteWebDriver.java:119)
	at org.openqa.selenium.firefox.FirefoxDriver.<init>(FirefoxDriver.java:216)
	at org.openqa.selenium.firefox.FirefoxDriver.<init>(FirefoxDriver.java:211)
	at org.openqa.selenium.firefox.FirefoxDriver.<init>(FirefoxDriver.java:207)
	at org.openqa.selenium.firefox.FirefoxDriver.<init>(FirefoxDriver.java:120)
	at com.catchexceptions.seleniumpom.testcases.BaseClass.beforeMethod(BaseClass.java:14)
	at sun.reflect.NativeMethodAccessorImpl.invoke0(Native Method)
	at sun.reflect.NativeMethodAccessorImpl.invoke(NativeMethodAccessorImpl.java:62)
	at sun.reflect.DelegatingMethodAccessorImpl.invoke(DelegatingMethodAccessorImpl.java:43)
	at java.lang.reflect.Method.invoke(Method.java:498)
	at org.testng.internal.MethodInvocationHelper.invokeMethod(MethodInvocationHelper.java:80)
	at org.testng.internal.Invoker.invokeConfigurationMethod(Invoker.java:564)
	at org.testng.internal.Invoker.invokeConfigurations(Invoker.java:213)
	at org.testng.internal.Invoker.invokeConfigurations(Invoker.java:138)
	at org.testng.TestRunner.beforeRun(TestRunner.java:641)
	at org.testng.TestRunner.run(TestRunner.java:609)
	at org.testng.SuiteRunner.runTest(SuiteRunner.java:334)
	at org.testng.SuiteRunner.runSequentially(SuiteRunner.java:329)
	at org.testng.SuiteRunner.privateRun(SuiteRunner.java:291)
	at org.testng.SuiteRunner.run(SuiteRunner.java:240)
	at org.testng.SuiteRunnerWorker.runSuite(SuiteRunnerWorker.java:52)
	at org.testng.SuiteRunnerWorker.run(SuiteRunnerWorker.java:86)
	at org.testng.TestNG.runSuitesSequentially(TestNG.java:1198)
	at org.testng.TestNG.runSuitesLocally(TestNG.java:1123)
	at org.testng.TestNG.run(TestNG.java:1031)
	at org.apache.maven.surefire.testng.TestNGExecutor.run(TestNGExecutor.java:283)
	at org.apache.maven.surefire.testng.TestNGXmlTestSuite.execute(TestNGXmlTestSuite.java:75)
	at org.apache.maven.surefire.testng.TestNGProvider.invoke(TestNGProvider.java:120)
	at org.apache.maven.surefire.booter.ForkedBooter.invokeProviderInSameClassLoader(ForkedBooter.java:386)
	at org.apache.maven.surefire.booter.ForkedBooter.runSuitesInProcess(ForkedBooter.java:323)
	at org.apache.maven.surefire.booter.ForkedBooter.main(ForkedBooter.java:143)
Caused by: org.openqa.selenium.firefox.NotConnectedException: Unable to connect to host 127.0.0.1 on port 7055 after 45000 ms. Firefox console output:
l\AppData\Local\Temp\anonymous4718577213090192171webdriver-profile\extensions\fxdriver@googlecode.com
1536021093389	addons.xpi	DEBUG	Ignoring file entry whose name is not a valid add-on ID: C:\Users\dell\AppData\Local\Temp\anonymous4718577213090192171webdriver-profile\extensions\webdriver-staging
1536021093389	addons.xpi	DEBUG	Existing add-on fxdriver@googlecode.com in app-profile
1536021093390	addons.xpi	INFO	Mapping activity-stream@mozilla.org to C:\Program Files (x86)\Mozilla Firefox\browser\features\activity-stream@mozilla.org.xpi
1536021093390	addons.xpi	INFO	Mapping aushelper@mozilla.org to C:\Program Files (x86)\Mozilla Firefox\browser\features\aushelper@mozilla.org.xpi
1536021093390	addons.xpi	INFO	Mapping clicktoplay-rollout@mozilla.org to C:\Program Files (x86)\Mozilla Firefox\browser\features\clicktoplay-rollout@mozilla.org.xpi
1536021093390	addons.xpi	INFO	Mapping e10srollout@mozilla.org to C:\Program Files (x86)\Mozilla Firefox\browser\features\e10srollout@mozilla.org.xpi
1536021093390	addons.xpi	INFO	Mapping firefox@getpocket.com to C:\Program Files (x86)\Mozilla Firefox\browser\features\firefox@getpocket.com.xpi
1536021093390	addons.xpi	INFO	Mapping followonsearch@mozilla.com to C:\Program Files (x86)\Mozilla Firefox\browser\features\followonsearch@mozilla.com.xpi
1536021093391	addons.xpi	INFO	Mapping formautofill@mozilla.org to C:\Program Files (x86)\Mozilla Firefox\browser\features\formautofill@mozilla.org.xpi
1536021093391	addons.xpi	INFO	Mapping onboarding@mozilla.org to C:\Program Files (x86)\Mozilla Firefox\browser\features\onboarding@mozilla.org.xpi
1536021093391	addons.xpi	INFO	Mapping screenshots@mozilla.org to C:\Program Files (x86)\Mozilla Firefox\browser\features\screenshots@mozilla.org.xpi
1536021093391	addons.xpi	INFO	Mapping shield-recipe-client@mozilla.org to C:\Program Files (x86)\Mozilla Firefox\browser\features\shield-recipe-client@mozilla.org.xpi
1536021093391	addons.xpi	INFO	Mapping webcompat@mozilla.org to C:\Program Files (x86)\Mozilla Firefox\browser\features\webcompat@mozilla.org.xpi
1536021093392	addons.xpi	DEBUG	Existing add-on activity-stream@mozilla.org in app-system-defaults
1536021093392	addons.xpi	DEBUG	Existing add-on aushelper@mozilla.org in app-system-defaults
1536021093392	addons.xpi	DEBUG	Existing add-on clicktoplay-rollout@mozilla.org in app-system-defaults
1536021093392	addons.xpi	DEBUG	Existing add-on e10srollout@mozilla.org in app-system-defaults
1536021093393	addons.xpi	DEBUG	Existing add-on firefox@getpocket.com in app-system-defaults
1536021093393	addons.xpi	DEBUG	Existing add-on followonsearch@mozilla.com in app-system-defaults
1536021093393	addons.xpi	DEBUG	Existing add-on formautofill@mozilla.org in app-system-defaults
1536021093394	addons.xpi	DEBUG	Existing add-on onboarding@mozilla.org in app-system-defaults
1536021093394	addons.xpi	DEBUG	Existing add-on screenshots@mozilla.org in app-system-defaults
1536021093394	addons.xpi	DEBUG	Existing add-on shield-recipe-client@mozilla.org in app-system-defaults
1536021093394	addons.xpi	DEBUG	Existing add-on webcompat@mozilla.org in app-system-defaults
1536021093395	addons.xpi	INFO	Mapping {972ce4c6-7e08-4474-a285-3208198ce6fd} to C:\Program Files (x86)\Mozilla Firefox\browser\extensions\{972ce4c6-7e08-4474-a285-3208198ce6fd}.xpi
1536021093395	addons.xpi	DEBUG	Existing add-on {972ce4c6-7e08-4474-a285-3208198ce6fd} in app-global
1536021093395	addons.xpi	DEBUG	getInstallState changed: false, state: {}
1536021093644	addons.productaddons	INFO	Completed downloading document
1536021094307	addons.productaddons	INFO	downloadXHR File download. status=200
1536021094707	DeferredSave.webext.sc.lz4	DEBUG	Starting write
1536021095124	addons.productaddons	INFO	Downloaded file will be saved to C:\Users\dell\AppData\Local\Temp\tmpaddon-9768af
1536021095197	DeferredSave.webext.sc.lz4	DEBUG	Write succeeded
1536021099346	addons.productaddons	INFO	downloadXHR File download. status=200
1536021099351	addons.productaddons	INFO	Downloaded file will be saved to C:\Users\dell\AppData\Local\Temp\tmpaddon-a120b4

	at org.openqa.selenium.firefox.internal.NewProfileExtensionConnection.start(NewProfileExtensionConnection.java:113)
	... 32 more
]]>
    </failure>
  </testcase> <!-- testGoogleSearch -->
</testsuite> <!-- com.catchexceptions.seleniumpom.testcases.GoogleHomePageTest -->
