<?xml version="1.0" encoding="UTF-8"?>
<!-- Generated by org.testng.reporters.JUnitReportReporter -->
<testsuite hostname="DESKTOP-VQJ3RG5" name="com.catchexceptions.seleniumpom.testcases.ParameterizedTest" tests="1" failures="0" timestamp="8 Sep 2018 20:09:57 GMT" time="0.001" errors="0">
  <testcase name="parameterizedTest" time="0.001" classname="com.catchexceptions.seleniumpom.testcases.ParameterizedTest"/>
</testsuite> <!-- com.catchexceptions.seleniumpom.testcases.ParameterizedTest -->
