<?xml version="1.0" encoding="UTF-8"?>
<!-- Generated by org.testng.reporters.JUnitReportReporter -->
<testsuite hostname="DESKTOP-VQJ3RG5" name="com.catchexceptions.seleniumpom.testcases.SoftAssertionExample" tests="3" failures="0" timestamp="13 Sep 2018 01:16:45 GMT" time="0.004" errors="0">
  <testcase name="hardAssert" time="0.000" classname="com.catchexceptions.seleniumpom.testcases.SoftAssertionExample"/>
  <testcase name="parameterizedTest" time="0.000" classname="com.catchexceptions.seleniumpom.testcases.SoftAssertionExample"/>
  <testcase name="softAssert" time="0.004" classname="com.catchexceptions.seleniumpom.testcases.SoftAssertionExample"/>
</testsuite> <!-- com.catchexceptions.seleniumpom.testcases.SoftAssertionExample -->
